[INFO] Scanning for projects...
[INFO] 
[INFO] ----------------< org.learn.java:spring-boot-rest-api >-----------------
[INFO] Building spring-boot-rest-api 0.0.1-SNAPSHOT
[INFO] --------------------------------[ war ]---------------------------------
[INFO] 
[INFO] --- maven-clean-plugin:2.5:clean (default-clean) @ spring-boot-rest-api ---
[INFO] Deleting /Users/parthpatel/Desktop/eclipse/spring-boot-rest-api/target
[INFO] 
[INFO] --- maven-resources-plugin:2.6:resources (default-resources) @ spring-boot-rest-api ---
[WARNING] Using platform encoding (UTF-8 actually) to copy filtered resources, i.e. build is platform dependent!
[INFO] Copying 1 resource
[INFO] 
[INFO] --- maven-compiler-plugin:3.1:compile (default-compile) @ spring-boot-rest-api ---
[INFO] Changes detected - recompiling the module!
[WARNING] File encoding has not been set, using platform encoding UTF-8, i.e. build is platform dependent!
[INFO] Compiling 7 source files to /Users/parthpatel/Desktop/eclipse/spring-boot-rest-api/target/classes
[INFO] 
[INFO] --- maven-resources-plugin:2.6:testResources (default-testResources) @ spring-boot-rest-api ---
[WARNING] Using platform encoding (UTF-8 actually) to copy filtered resources, i.e. build is platform dependent!
[INFO] Copying 0 resource
[INFO] 
[INFO] --- maven-compiler-plugin:3.1:testCompile (default-testCompile) @ spring-boot-rest-api ---
[INFO] Nothing to compile - all classes are up to date
[INFO] 
[INFO] --- maven-surefire-plugin:2.12.4:test (default-test) @ spring-boot-rest-api ---
[INFO] 
[INFO] --- maven-war-plugin:3.2.2:war (default-war) @ spring-boot-rest-api ---
[INFO] Packaging webapp
[INFO] Assembling webapp [spring-boot-rest-api] in [/Users/parthpatel/Desktop/eclipse/spring-boot-rest-api/target/spring-boot-rest-api-0.0.1-SNAPSHOT]
[INFO] Processing war project
[INFO] Copying webapp resources [/Users/parthpatel/Desktop/eclipse/spring-boot-rest-api/src/main/webapp]
[INFO] Webapp assembled in [489 msecs]
[INFO] Building war: /Users/parthpatel/Desktop/eclipse/spring-boot-rest-api/target/spring-boot-rest-api-0.0.1-SNAPSHOT.war
[INFO] 
[INFO] --- maven-install-plugin:2.4:install (default-install) @ spring-boot-rest-api ---
[INFO] Installing /Users/parthpatel/Desktop/eclipse/spring-boot-rest-api/target/spring-boot-rest-api-0.0.1-SNAPSHOT.war to /Users/parthpatel/.m2/repository/org/learn/java/spring-boot-rest-api/0.0.1-SNAPSHOT/spring-boot-rest-api-0.0.1-SNAPSHOT.war
[INFO] Installing /Users/parthpatel/Desktop/eclipse/spring-boot-rest-api/pom.xml to /Users/parthpatel/.m2/repository/org/learn/java/spring-boot-rest-api/0.0.1-SNAPSHOT/spring-boot-rest-api-0.0.1-SNAPSHOT.pom
[INFO] ------------------------------------------------------------------------
[INFO] BUILD SUCCESS
[INFO] ------------------------------------------------------------------------
[INFO] Total time: 5.873 s
[INFO] Finished at: 2019-03-29T10:29:22-04:00
[INFO] ------------------------------------------------------------------------
