[INFO] Scanning for projects...
[INFO] 
[INFO] ----------------< org.learn.java:spring-web-rest-demo >-----------------
[INFO] Building spring-web-rest-demo 0.0.1-SNAPSHOT
[INFO] --------------------------------[ war ]---------------------------------
[INFO] 
[INFO] --- maven-clean-plugin:2.5:clean (default-clean) @ spring-web-rest-demo ---
[INFO] Deleting /Users/parthpatel/Desktop/eclipse/spring-web-rest-demo/target
[INFO] 
[INFO] --- maven-resources-plugin:2.6:resources (default-resources) @ spring-web-rest-demo ---
[WARNING] Using platform encoding (UTF-8 actually) to copy filtered resources, i.e. build is platform dependent!
[INFO] Copying 0 resource
[INFO] 
[INFO] --- maven-compiler-plugin:3.1:compile (default-compile) @ spring-web-rest-demo ---
[INFO] Changes detected - recompiling the module!
[WARNING] File encoding has not been set, using platform encoding UTF-8, i.e. build is platform dependent!
[INFO] Compiling 3 source files to /Users/parthpatel/Desktop/eclipse/spring-web-rest-demo/target/classes
[INFO] 
[INFO] --- maven-resources-plugin:2.6:testResources (default-testResources) @ spring-web-rest-demo ---
[WARNING] Using platform encoding (UTF-8 actually) to copy filtered resources, i.e. build is platform dependent!
[INFO] Copying 0 resource
[INFO] 
[INFO] --- maven-compiler-plugin:3.1:testCompile (default-testCompile) @ spring-web-rest-demo ---
[INFO] Nothing to compile - all classes are up to date
[INFO] 
[INFO] --- maven-surefire-plugin:2.12.4:test (default-test) @ spring-web-rest-demo ---
[INFO] 
[INFO] --- maven-war-plugin:3.2.2:war (default-war) @ spring-web-rest-demo ---
[INFO] Packaging webapp
[INFO] Assembling webapp [spring-web-rest-demo] in [/Users/parthpatel/Desktop/eclipse/spring-web-rest-demo/target/spring-mvc-rest]
[INFO] Processing war project
[INFO] Copying webapp resources [/Users/parthpatel/Desktop/eclipse/spring-web-rest-demo/src/main/webapp]
[INFO] Webapp assembled in [113 msecs]
[INFO] Building war: /Users/parthpatel/Desktop/eclipse/spring-web-rest-demo/target/spring-mvc-rest.war
[INFO] 
[INFO] --- maven-install-plugin:2.4:install (default-install) @ spring-web-rest-demo ---
[INFO] Installing /Users/parthpatel/Desktop/eclipse/spring-web-rest-demo/target/spring-mvc-rest.war to /Users/parthpatel/.m2/repository/org/learn/java/spring-web-rest-demo/0.0.1-SNAPSHOT/spring-web-rest-demo-0.0.1-SNAPSHOT.war
[INFO] Installing /Users/parthpatel/Desktop/eclipse/spring-web-rest-demo/pom.xml to /Users/parthpatel/.m2/repository/org/learn/java/spring-web-rest-demo/0.0.1-SNAPSHOT/spring-web-rest-demo-0.0.1-SNAPSHOT.pom
[INFO] ------------------------------------------------------------------------
[INFO] BUILD SUCCESS
[INFO] ------------------------------------------------------------------------
[INFO] Total time: 3.102 s
[INFO] Finished at: 2019-04-05T19:13:14-04:00
[INFO] ------------------------------------------------------------------------
